2019-11-12 09:47:21.494 logback [main] INFO  com.study.App - Starting App on SKY-20181113PUG with PID 9416 (D:\idea_project\sourcefile\singleframework\target\classes started by Administrator in D:\idea_project\sourcefile\singleframework)
2019-11-12 09:47:21.497 logback [main] INFO  com.study.App - No active profile set, falling back to default profiles: default
2019-11-12 09:47:22.085 logback [main] WARN  t.m.s.mapper.ClassPathMapperScanner - No MyBatis mapper was found in '[com.study]' package. Please check your configuration.
2019-11-12 09:47:22.092 logback [main] WARN  o.m.s.mapper.ClassPathMapperScanner - No MyBatis mapper was found in '[com.study]' package. Please check your configuration.
2019-11-12 09:47:22.156 logback [main] INFO  o.s.d.r.c.RepositoryConfigurationDelegate - Multiple Spring Data modules found, entering strict repository configuration mode!
2019-11-12 09:47:22.159 logback [main] INFO  o.s.d.r.c.RepositoryConfigurationDelegate - Bootstrapping Spring Data repositories in DEFAULT mode.
2019-11-12 09:47:22.184 logback [main] INFO  o.s.d.r.c.RepositoryConfigurationDelegate - Finished Spring Data repository scanning in 7ms. Found 0 repository interfaces.
2019-11-12 09:47:22.445 logback [main] INFO  o.s.c.s.PostProcessorRegistrationDelegate$BeanPostProcessorChecker - Bean 'org.springframework.transaction.annotation.ProxyTransactionManagementConfiguration' of type [org.springframework.transaction.annotation.ProxyTransactionManagementConfiguration$$EnhancerBySpringCGLIB$$c84ef13b] is not eligible for getting processed by all BeanPostProcessors (for example: not eligible for auto-proxying)
2019-11-12 09:47:22.749 logback [main] INFO  o.s.b.w.e.tomcat.TomcatWebServer - Tomcat initialized with port(s): 8890 (http)
2019-11-12 09:47:22.766 logback [main] INFO  o.a.coyote.http11.Http11NioProtocol - Initializing ProtocolHandler ["http-nio-8890"]
2019-11-12 09:47:22.776 logback [main] INFO  o.a.catalina.core.StandardService - Starting service [Tomcat]
2019-11-12 09:47:22.776 logback [main] INFO  o.a.catalina.core.StandardEngine - Starting Servlet engine: [Apache Tomcat/9.0.16]
2019-11-12 09:47:22.782 logback [main] INFO  o.a.c.core.AprLifecycleListener - The APR based Apache Tomcat Native library which allows optimal performance in production environments was not found on the java.library.path: [C:\Program Files\Java\jdk1.8.0_172\bin;C:\Windows\Sun\Java\bin;C:\Windows\system32;C:\Windows;D:\software\xshell\;C:\Program Files (x86)\Common Files\Oracle\Java\javapath;C:\Windows\system32;C:\Windows;C:\Windows\System32\Wbem;C:\Windows\System32\WindowsPowerShell\v1.0\;C:\Program Files\Git\cmd;C:\Program Files\MySQL\MySQL Server 5.7\bin;C:\Program Files\nodejs\;D:\visualvm\bin;C:\Program Files\Java\jdk1.8.0_172\bin\;C:\Program Files\erl7.1;C:\Users\Administrator\AppData\Roaming\npm;C:\Users\Administrator\AppData\Local\Programs\Microsoft VS Code\bin;.]
2019-11-12 09:47:22.938 logback [main] INFO  o.a.c.c.C.[.[.[/projectframework] - Initializing Spring embedded WebApplicationContext
2019-11-12 09:47:22.939 logback [main] INFO  o.s.web.context.ContextLoader - Root WebApplicationContext: initialization completed in 1400 ms
2019-11-12 09:47:23.189 logback [main] INFO  o.s.s.c.ThreadPoolTaskExecutor - Initializing ExecutorService 'applicationTaskExecutor'
2019-11-12 09:47:23.339 logback [main] INFO  t.m.m.a.MapperCacheDisabler - Clear tk.mybatis.mapper.util.MsUtil CLASS_CACHE cache.
2019-11-12 09:47:23.340 logback [main] INFO  t.m.m.a.MapperCacheDisabler - Clear tk.mybatis.mapper.genid.GenIdUtil CACHE cache.
2019-11-12 09:47:23.340 logback [main] INFO  t.m.m.a.MapperCacheDisabler - Clear tk.mybatis.mapper.version.VersionUtil CACHE cache.
2019-11-12 09:47:23.346 logback [main] INFO  t.m.m.a.MapperCacheDisabler - Clear EntityHelper entityTableMap cache.
2019-11-12 09:47:23.936 logback [main] INFO  o.a.coyote.http11.Http11NioProtocol - Starting ProtocolHandler ["http-nio-8890"]
2019-11-12 09:47:23.961 logback [main] INFO  o.s.b.w.e.tomcat.TomcatWebServer - Tomcat started on port(s): 8890 (http) with context path '/projectframework'
2019-11-12 09:47:23.963 logback [main] INFO  com.study.App - Started App in 3.034 seconds (JVM running for 4.164)
